{"uid":"594c3e0e856b3897","name":"Failed test example","fullName":"org.example.project.example.ExampleTest.testShouldFail","historyId":"4669ba87493c7d66dab9990f0995652f","time":{"start":1668499689443,"stop":1668499689646,"duration":203},"status":"failed","statusMessage":"expected [true] but found [false]","statusTrace":"java.lang.AssertionError: expected [true] but found [false]\n\tat org.testng.Assert.fail(Assert.java:110)\n\tat org.testng.Assert.failNotEquals(Assert.java:1413)\n\tat org.testng.Assert.assertTrue(Assert.java:56)\n\tat org.testng.Assert.assertTrue(Assert.java:66)\n\tat org.example.project.example.ExampleTest.testShouldFail(ExampleTest.java:75)\n\tat java.base/jdk.internal.reflect.NativeMethodAccessorImpl.invoke0(Native Method)\n\tat java.base/jdk.internal.reflect.NativeMethodAccessorImpl.invoke(NativeMethodAccessorImpl.java:77)\n\tat java.base/jdk.internal.reflect.DelegatingMethodAccessorImpl.invoke(DelegatingMethodAccessorImpl.java:43)\n\tat java.base/java.lang.reflect.Method.invoke(Method.java:568)\n\tat org.testng.internal.invokers.MethodInvocationHelper.invokeMethod(MethodInvocationHelper.java:139)\n\tat org.testng.internal.invokers.TestInvoker.invokeMethod(TestInvoker.java:677)\n\tat org.testng.internal.invokers.TestInvoker.retryFailed(TestInvoker.java:263)\n\tat org.testng.internal.invokers.MethodRunner.runInSequence(MethodRunner.java:62)\n\tat org.testng.internal.invokers.TestInvoker$MethodInvocationAgent.invoke(TestInvoker.java:962)\n\tat org.testng.internal.invokers.TestInvoker.invokeTestMethods(TestInvoker.java:194)\n\tat org.testng.internal.invokers.TestMethodWorker.invokeTestMethods(TestMethodWorker.java:148)\n\tat org.testng.internal.invokers.TestMethodWorker.run(TestMethodWorker.java:128)\n\tat java.base/java.util.ArrayList.forEach(ArrayList.java:1511)\n\tat org.testng.TestRunner.privateRun(TestRunner.java:806)\n\tat org.testng.TestRunner.run(TestRunner.java:601)\n\tat org.testng.SuiteRunner.runTest(SuiteRunner.java:433)\n\tat org.testng.SuiteRunner.runSequentially(SuiteRunner.java:427)\n\tat org.testng.SuiteRunner.privateRun(SuiteRunner.java:387)\n\tat org.testng.SuiteRunner.run(SuiteRunner.java:330)\n\tat org.testng.SuiteRunnerWorker.runSuite(SuiteRunnerWorker.java:52)\n\tat org.testng.SuiteRunnerWorker.run(SuiteRunnerWorker.java:95)\n\tat org.testng.TestNG.runSuitesSequentially(TestNG.java:1256)\n\tat org.testng.TestNG.runSuitesLocally(TestNG.java:1176)\n\tat org.testng.TestNG.runSuites(TestNG.java:1099)\n\tat org.testng.TestNG.run(TestNG.java:1067)\n\tat org.apache.maven.surefire.testng.TestNGExecutor.run(TestNGExecutor.java:283)\n\tat org.apache.maven.surefire.testng.TestNGXmlTestSuite.execute(TestNGXmlTestSuite.java:75)\n\tat org.apache.maven.surefire.testng.TestNGProvider.invoke(TestNGProvider.java:120)\n\tat org.apache.maven.surefire.booter.ForkedBooter.invokeProviderInSameClassLoader(ForkedBooter.java:386)\n\tat org.apache.maven.surefire.booter.ForkedBooter.runSuitesInProcess(ForkedBooter.java:323)\n\tat org.apache.maven.surefire.booter.ForkedBooter.main(ForkedBooter.java:143)\n","flaky":false,"newFailed":false,"newBroken":false,"newPassed":false,"retriesCount":1,"retriesStatusChange":true,"beforeStages":[{"name":"setup","time":{"start":1668499689065,"stop":1668499689440,"duration":375},"description":"","status":"passed","steps":[],"attachments":[],"parameters":[],"stepsCount":0,"attachmentsCount":0,"shouldDisplayMessage":false,"hasContent":false}],"testStage":{"status":"failed","statusMessage":"expected [true] but found [false]","statusTrace":"java.lang.AssertionError: expected [true] but found [false]\n\tat org.testng.Assert.fail(Assert.java:110)\n\tat org.testng.Assert.failNotEquals(Assert.java:1413)\n\tat org.testng.Assert.assertTrue(Assert.java:56)\n\tat org.testng.Assert.assertTrue(Assert.java:66)\n\tat org.example.project.example.ExampleTest.testShouldFail(ExampleTest.java:75)\n\tat java.base/jdk.internal.reflect.NativeMethodAccessorImpl.invoke0(Native Method)\n\tat java.base/jdk.internal.reflect.NativeMethodAccessorImpl.invoke(NativeMethodAccessorImpl.java:77)\n\tat java.base/jdk.internal.reflect.DelegatingMethodAccessorImpl.invoke(DelegatingMethodAccessorImpl.java:43)\n\tat java.base/java.lang.reflect.Method.invoke(Method.java:568)\n\tat org.testng.internal.invokers.MethodInvocationHelper.invokeMethod(MethodInvocationHelper.java:139)\n\tat org.testng.internal.invokers.TestInvoker.invokeMethod(TestInvoker.java:677)\n\tat org.testng.internal.invokers.TestInvoker.retryFailed(TestInvoker.java:263)\n\tat org.testng.internal.invokers.MethodRunner.runInSequence(MethodRunner.java:62)\n\tat org.testng.internal.invokers.TestInvoker$MethodInvocationAgent.invoke(TestInvoker.java:962)\n\tat org.testng.internal.invokers.TestInvoker.invokeTestMethods(TestInvoker.java:194)\n\tat org.testng.internal.invokers.TestMethodWorker.invokeTestMethods(TestMethodWorker.java:148)\n\tat org.testng.internal.invokers.TestMethodWorker.run(TestMethodWorker.java:128)\n\tat java.base/java.util.ArrayList.forEach(ArrayList.java:1511)\n\tat org.testng.TestRunner.privateRun(TestRunner.java:806)\n\tat org.testng.TestRunner.run(TestRunner.java:601)\n\tat org.testng.SuiteRunner.runTest(SuiteRunner.java:433)\n\tat org.testng.SuiteRunner.runSequentially(SuiteRunner.java:427)\n\tat org.testng.SuiteRunner.privateRun(SuiteRunner.java:387)\n\tat org.testng.SuiteRunner.run(SuiteRunner.java:330)\n\tat org.testng.SuiteRunnerWorker.runSuite(SuiteRunnerWorker.java:52)\n\tat org.testng.SuiteRunnerWorker.run(SuiteRunnerWorker.java:95)\n\tat org.testng.TestNG.runSuitesSequentially(TestNG.java:1256)\n\tat org.testng.TestNG.runSuitesLocally(TestNG.java:1176)\n\tat org.testng.TestNG.runSuites(TestNG.java:1099)\n\tat org.testng.TestNG.run(TestNG.java:1067)\n\tat org.apache.maven.surefire.testng.TestNGExecutor.run(TestNGExecutor.java:283)\n\tat org.apache.maven.surefire.testng.TestNGXmlTestSuite.execute(TestNGXmlTestSuite.java:75)\n\tat org.apache.maven.surefire.testng.TestNGProvider.invoke(TestNGProvider.java:120)\n\tat org.apache.maven.surefire.booter.ForkedBooter.invokeProviderInSameClassLoader(ForkedBooter.java:386)\n\tat org.apache.maven.surefire.booter.ForkedBooter.runSuitesInProcess(ForkedBooter.java:323)\n\tat org.apache.maven.surefire.booter.ForkedBooter.main(ForkedBooter.java:143)\n","steps":[{"name":"[INFO] null test failed","time":{"start":1668499689443,"stop":1668499689443,"duration":0},"status":"passed","steps":[],"attachments":[],"parameters":[{"name":"info","value":"null test failed"}],"stepsCount":0,"attachmentsCount":0,"shouldDisplayMessage":false,"hasContent":true},{"name":"[INFO] testShouldFail test failed","time":{"start":1668499689444,"stop":1668499689444,"duration":0},"status":"passed","steps":[],"attachments":[],"parameters":[{"name":"info","value":"testShouldFail test failed"}],"stepsCount":0,"attachmentsCount":0,"shouldDisplayMessage":false,"hasContent":true},{"name":"[INFO] Screenshot captured for test case: testShouldFail","time":{"start":1668499689444,"stop":1668499689444,"duration":0},"status":"passed","steps":[],"attachments":[],"parameters":[{"name":"info","value":"Screenshot captured for test case: testShouldFail"}],"stepsCount":0,"attachmentsCount":0,"shouldDisplayMessage":false,"hasContent":true}],"attachments":[{"uid":"449cb8db5732cf03","name":"Screenshot","source":"449cb8db5732cf03.png","type":"image/png","size":11762},{"uid":"c51f3ebc0040834c","name":"Screenshot","source":"c51f3ebc0040834c.png","type":"image/png","size":11762},{"uid":"64a97d0710ddce24","name":"testShouldFail failed and screenshot taken!","source":"64a97d0710ddce24.txt","type":"text/plain","size":43}],"parameters":[],"stepsCount":3,"attachmentsCount":3,"shouldDisplayMessage":true,"hasContent":true},"afterStages":[{"name":"teardown","time":{"start":1668499689657,"stop":1668499689759,"duration":102},"description":"","status":"passed","steps":[],"attachments":[],"parameters":[],"stepsCount":0,"attachmentsCount":0,"shouldDisplayMessage":false,"hasContent":false}],"labels":[{"name":"package","value":"org.example.project.example.ExampleTest"},{"name":"testClass","value":"org.example.project.example.ExampleTest"},{"name":"testMethod","value":"testShouldFail"},{"name":"parentSuite","value":"Project"},{"name":"suite","value":"Project test suite"},{"name":"subSuite","value":"org.example.project.example.ExampleTest"},{"name":"host","value":"fv-az445-70"},{"name":"thread","value":"2161@fv-az445-70.main(1)"},{"name":"framework","value":"testng"},{"name":"language","value":"java"},{"name":"epic","value":"Example tests"},{"name":"resultFormat","value":"allure2"}],"parameters":[],"links":[{"name":"1","url":"https://github.com/nicklasbekkevold/selenium-template/issues/1","type":"issue"}],"hidden":false,"retry":false,"extra":{"severity":"normal","retries":[{"uid":"c556f135e9f2ed20","status":"skipped","statusDetails":"expected [true] but found [false]","time":{"start":1668499688944,"stop":1668499688956,"duration":12}}],"categories":[{"name":"Product defects","matchedStatuses":[],"flaky":false}],"history":{"statistic":{"failed":2,"broken":0,"skipped":0,"passed":0,"unknown":0,"total":2},"items":[{"uid":"4ad5d7171dbef8bc","reportUrl":"https://nicklasbekkevold.github.io/selenium-template/14//#testresult/4ad5d7171dbef8bc","status":"failed","statusDetails":"expected [true] but found [false]","time":{"start":1668422634656,"stop":1668422634837,"duration":181}}]},"tags":[]},"source":"594c3e0e856b3897.json","parameterValues":[]}